<?xml version="1.0" encoding="UTF-8"?>
<!-- Generated by org.testng.reporters.JUnitReportReporter -->
<testsuite hostname="LTIN654291" failures="0" tests="16" name="com.zigwheels.tests.SearchHondaBikes" time="82.687" errors="0" timestamp="2025-08-26T11:10:03 IST" skipped="0">
  <testcase classname="com.zigwheels.tests.SearchHondaBikes" name="verifyNavigationtoUpcomingHondaBikes" time="9.632"/>
  <testcase classname="com.zigwheels.tests.SearchHondaBikes" name="verifyNavigationtoUpcomingHondaBikes" time="12.156"/>
  <testcase classname="com.zigwheels.tests.SearchHondaBikes" name="testSearchUpcomingHondaBikes" time="2.660"/>
  <testcase classname="com.zigwheels.tests.SearchHondaBikes" name="testSearchUpcomingHondaBikes" time="1.777"/>
  <testcase classname="com.zigwheels.tests.SearchHondaBikes" name="testBikeCardDetails" time="1.105"/>
  <testcase classname="com.zigwheels.tests.SearchHondaBikes" name="testBikeCardDetails" time="1.048"/>
  <testcase classname="com.zigwheels.tests.SearchHondaBikes" name="testPriceBelowThreshold" time="1.094"/>
  <testcase classname="com.zigwheels.tests.SearchHondaBikes" name="testPriceBelowThreshold" time="0.982"/>
  <testcase classname="com.zigwheels.tests.SearchHondaBikes" name="validateCars" time="10.006"/>
  <testcase classname="com.zigwheels.tests.SearchHondaBikes" name="validateCars" time="11.236"/>
  <testcase classname="com.zigwheels.tests.SearchHondaBikes" name="checkBoxes" time="0.006"/>
  <testcase classname="com.zigwheels.tests.SearchHondaBikes" name="checkBoxes" time="0.000"/>
  <testcase classname="com.zigwheels.tests.SearchHondaBikes" name="navigateToNewWindow" time="11.320"/>
  <testcase classname="com.zigwheels.tests.SearchHondaBikes" name="navigateToNewWindow" time="11.807"/>
  <testcase classname="com.zigwheels.tests.SearchHondaBikes" name="validateEmail" time="3.777"/>
  <testcase classname="com.zigwheels.tests.SearchHondaBikes" name="validateEmail" time="4.081"/>
</testsuite> <!-- com.zigwheels.tests.SearchHondaBikes -->
