<?xml version="1.0" encoding="UTF-8"?>
<!-- Generated by org.testng.reporters.JUnitReportReporter -->
<testsuite hostname="LTIN654291" failures="0" tests="9" name="com.zigwheels.testRunner.TestRunner" time="49.568" errors="1" timestamp="2025-08-26T10:46:34 IST" skipped="0">
  <testcase classname="com.zigwheels.testRunner.TestRunner" name="tearDownClass" time="0.974">
    <error message="javax.net.ssl.SSLHandshakeException: PKIX path building failed: sun.security.provider.certpath.SunCertPathBuilderException: unable to find valid certification path to requested target" type="java.lang.RuntimeException">
      <![CDATA[java.lang.RuntimeException: javax.net.ssl.SSLHandshakeException: PKIX path building failed: sun.security.provider.certpath.SunCertPathBuilderException: unable to find valid certification path to requested target
at io.cucumber.core.plugin.MessageFormatter.writeMessage(MessageFormatter.java:32)
at io.cucumber.core.eventbus.AbstractEventPublisher.send(AbstractEventPublisher.java:51)
at io.cucumber.core.eventbus.AbstractEventBus.send(AbstractEventBus.java:12)
at io.cucumber.core.runtime.SynchronizedEventBus.send(SynchronizedEventBus.java:47)
at io.cucumber.core.runtime.CucumberExecutionContext.emitTestRunFinished(CucumberExecutionContext.java:125)
at io.cucumber.core.runtime.CucumberExecutionContext.finishTestRun(CucumberExecutionContext.java:105)
at io.cucumber.testng.TestNGCucumberRunner.finish(TestNGCucumberRunner.java:145)
at io.cucumber.testng.AbstractTestNGCucumberTests.tearDownClass(AbstractTestNGCucumberTests.java:57)
at java.base/jdk.internal.reflect.DirectMethodHandleAccessor.invoke(DirectMethodHandleAccessor.java:103)
at java.base/java.lang.reflect.Method.invoke(Method.java:580)
at org.testng.internal.invokers.MethodInvocationHelper.invokeMethod(MethodInvocationHelper.java:141)
at org.testng.internal.invokers.MethodInvocationHelper.invokeMethodConsideringTimeout(MethodInvocationHelper.java:71)
at org.testng.internal.invokers.ConfigInvoker.invokeConfigurationMethod(ConfigInvoker.java:400)
at org.testng.internal.invokers.ConfigInvoker.invokeConfigurations(ConfigInvoker.java:333)
at org.testng.internal.invokers.TestMethodWorker.invokeAfterClassConfigurations(TestMethodWorker.java:238)
at org.testng.internal.invokers.TestMethodWorker.invokeAfterClassMethods(TestMethodWorker.java:223)
at org.testng.internal.invokers.TestMethodWorker.run(TestMethodWorker.java:137)
at java.base/java.util.ArrayList.forEach(ArrayList.java:1596)
at org.testng.TestRunner.privateRun(TestRunner.java:741)
at org.testng.TestRunner.run(TestRunner.java:616)
at org.testng.SuiteRunner.runTest(SuiteRunner.java:421)
at org.testng.SuiteRunner.runSequentially(SuiteRunner.java:413)
at org.testng.SuiteRunner.privateRun(SuiteRunner.java:373)
at org.testng.SuiteRunner.run(SuiteRunner.java:312)
at org.testng.SuiteRunnerWorker.runSuite(SuiteRunnerWorker.java:52)
at org.testng.SuiteRunnerWorker.run(SuiteRunnerWorker.java:95)
at org.testng.TestNG.runSuitesSequentially(TestNG.java:1274)
at org.testng.TestNG.runSuitesLocally(TestNG.java:1208)
at org.testng.TestNG.runSuites(TestNG.java:1112)
at org.testng.TestNG.run(TestNG.java:1079)
at org.testng.remote.AbstractRemoteTestNG.run(AbstractRemoteTestNG.java:115)
at org.testng.remote.RemoteTestNG.initAndRun(RemoteTestNG.java:293)
at org.testng.remote.RemoteTestNG.main(RemoteTestNG.java:91)
Caused by: javax.net.ssl.SSLHandshakeException: PKIX path building failed: sun.security.provider.certpath.SunCertPathBuilderException: unable to find valid certification path to requested target
at java.base/jdk.internal.reflect.DirectConstructorHandleAccessor.newInstance(DirectConstructorHandleAccessor.java:62)
at java.base/java.lang.reflect.Constructor.newInstanceWithCaller(Constructor.java:502)
at java.base/java.lang.reflect.Constructor.newInstance(Constructor.java:486)
at java.base/sun.net.www.protocol.http.HttpURLConnection$10.run(HttpURLConnection.java:2055)
at java.base/sun.net.www.protocol.http.HttpURLConnection$10.run(HttpURLConnection.java:2050)
at java.base/java.security.AccessController.doPrivileged(AccessController.java:571)
at java.base/sun.net.www.protocol.http.HttpURLConnection.getChainedException(HttpURLConnection.java:2049)
at java.base/sun.net.www.protocol.http.HttpURLConnection.getInputStream0(HttpURLConnection.java:1619)
at java.base/sun.net.www.protocol.http.HttpURLConnection.getInputStream(HttpURLConnection.java:1599)
at java.base/java.net.HttpURLConnection.getResponseCode(HttpURLConnection.java:531)
at java.base/sun.net.www.protocol.https.HttpsURLConnectionImpl.getResponseCode(HttpsURLConnectionImpl.java:307)
at io.cucumber.core.plugin.UrlOutputStream.getResponseBody(UrlOutputStream.java:125)
at io.cucumber.core.plugin.UrlOutputStream.sendRequest(UrlOutputStream.java:87)
at io.cucumber.core.plugin.UrlOutputStream.close(UrlOutputStream.java:65)
at java.base/sun.nio.cs.StreamEncoder.implClose(StreamEncoder.java:439)
at java.base/sun.nio.cs.StreamEncoder.lockedClose(StreamEncoder.java:237)
at java.base/sun.nio.cs.StreamEncoder.close(StreamEncoder.java:228)
at java.base/java.io.OutputStreamWriter.close(OutputStreamWriter.java:266)
at io.cucumber.core.plugin.MessageFormatter.writeMessage(MessageFormatter.java:29)
... 32 more
Caused by: javax.net.ssl.SSLHandshakeException: PKIX path building failed: sun.security.provider.certpath.SunCertPathBuilderException: unable to find valid certification path to requested target
at java.base/sun.security.ssl.Alert.createSSLException(Alert.java:130)
at java.base/sun.security.ssl.TransportContext.fatal(TransportContext.java:378)
at java.base/sun.security.ssl.TransportContext.fatal(TransportContext.java:321)
at java.base/sun.security.ssl.TransportContext.fatal(TransportContext.java:316)
at java.base/sun.security.ssl.CertificateMessage$T13CertificateConsumer.checkServerCerts(CertificateMessage.java:1318)
at java.base/sun.security.ssl.CertificateMessage$T13CertificateConsumer.onConsumeCertificate(CertificateMessage.java:1195)
at java.base/sun.security.ssl.CertificateMessage$T13CertificateConsumer.consume(CertificateMessage.java:1138)
at java.base/sun.security.ssl.SSLHandshake.consume(SSLHandshake.java:393)
at java.base/sun.security.ssl.HandshakeContext.dispatch(HandshakeContext.java:476)
at java.base/sun.security.ssl.HandshakeContext.dispatch(HandshakeContext.java:447)
at java.base/sun.security.ssl.TransportContext.dispatch(TransportContext.java:201)
at java.base/sun.security.ssl.SSLTransport.decode(SSLTransport.java:172)
at java.base/sun.security.ssl.SSLSocketImpl.decode(SSLSocketImpl.java:1506)
at java.base/sun.security.ssl.SSLSocketImpl.readHandshakeRecord(SSLSocketImpl.java:1421)
at java.base/sun.security.ssl.SSLSocketImpl.startHandshake(SSLSocketImpl.java:455)
at java.base/sun.security.ssl.SSLSocketImpl.startHandshake(SSLSocketImpl.java:426)
at java.base/sun.net.www.protocol.https.HttpsClient.afterConnect(HttpsClient.java:586)
at java.base/sun.net.www.protocol.https.AbstractDelegateHttpsURLConnection.connect(AbstractDelegateHttpsURLConnection.java:187)
at java.base/sun.net.www.protocol.http.HttpURLConnection.getInputStream0(HttpURLConnection.java:1675)
at java.base/sun.net.www.protocol.http.HttpURLConnection.getInputStream(HttpURLConnection.java:1599)
at java.base/sun.net.www.protocol.http.HttpURLConnection.getHeaderFields(HttpURLConnection.java:3258)
at java.base/sun.net.www.protocol.https.HttpsURLConnectionImpl.getHeaderFields(HttpsURLConnectionImpl.java:252)
at io.cucumber.core.plugin.UrlOutputStream.getResponseBody(UrlOutputStream.java:124)
... 39 more
Caused by: sun.security.validator.ValidatorException: PKIX path building failed: sun.security.provider.certpath.SunCertPathBuilderException: unable to find valid certification path to requested target
at java.base/sun.security.validator.PKIXValidator.doBuild(PKIXValidator.java:388)
at java.base/sun.security.validator.PKIXValidator.engineValidate(PKIXValidator.java:271)
at java.base/sun.security.validator.Validator.validate(Validator.java:256)
at java.base/sun.security.ssl.X509TrustManagerImpl.checkTrusted(X509TrustManagerImpl.java:230)
at java.base/sun.security.ssl.X509TrustManagerImpl.checkServerTrusted(X509TrustManagerImpl.java:132)
at java.base/sun.security.ssl.CertificateMessage$T13CertificateConsumer.checkServerCerts(CertificateMessage.java:1302)
... 57 more
Caused by: sun.security.provider.certpath.SunCertPathBuilderException: unable to find valid certification path to requested target
at java.base/sun.security.provider.certpath.SunCertPathBuilder.build(SunCertPathBuilder.java:146)
at java.base/sun.security.provider.certpath.SunCertPathBuilder.engineBuild(SunCertPathBuilder.java:127)
at java.base/java.security.cert.CertPathBuilder.build(CertPathBuilder.java:297)
at java.base/sun.security.validator.PKIXValidator.doBuild(PKIXValidator.java:383)
... 62 more
]]>
    </error>
  </testcase> <!-- tearDownClass -->
  <testcase classname="com.zigwheels.testRunner.TestRunner" name="runScenario" time="0.021"/>
  <testcase classname="com.zigwheels.testRunner.TestRunner" name="runScenario" time="17.594"/>
  <testcase classname="com.zigwheels.testRunner.TestRunner" name="runScenario" time="8.878"/>
  <testcase classname="com.zigwheels.testRunner.TestRunner" name="runScenario" time="2.912"/>
  <testcase classname="com.zigwheels.testRunner.TestRunner" name="runScenario" time="0.685"/>
  <testcase classname="com.zigwheels.testRunner.TestRunner" name="runScenario" time="0.471"/>
  <testcase classname="com.zigwheels.testRunner.TestRunner" name="runScenario" time="0.523"/>
  <testcase classname="com.zigwheels.testRunner.TestRunner" name="runScenario" time="17.510"/>
</testsuite> <!-- com.zigwheels.testRunner.TestRunner -->
