<?xml version="1.0" encoding="UTF-8"?>
<!-- Generated by org.testng.reporters.JUnitReportReporter -->
<testsuite hostname="LTIN654291" failures="0" tests="10" name="com.zigwheels.testRunner.TestRunner" time="64.104" errors="0" timestamp="2025-08-29T17:36:08 IST" skipped="0">
  <testcase classname="com.zigwheels.testRunner.TestRunner" name="runScenario" time="6.100"/>
  <testcase classname="com.zigwheels.testRunner.TestRunner" name="runScenario" time="14.761"/>
  <testcase classname="com.zigwheels.testRunner.TestRunner" name="runScenario" time="0.874"/>
  <testcase classname="com.zigwheels.testRunner.TestRunner" name="runScenario" time="2.025"/>
  <testcase classname="com.zigwheels.testRunner.TestRunner" name="runScenario" time="11.149"/>
  <testcase classname="com.zigwheels.testRunner.TestRunner" name="runScenario" time="0.972"/>
  <testcase classname="com.zigwheels.testRunner.TestRunner" name="runScenario" time="5.625"/>
  <testcase classname="com.zigwheels.testRunner.TestRunner" name="runScenario" time="0.041"/>
  <testcase classname="com.zigwheels.testRunner.TestRunner" name="runScenario" time="8.051"/>
  <testcase classname="com.zigwheels.testRunner.TestRunner" name="runScenario" time="14.506"/>
</testsuite> <!-- com.zigwheels.testRunner.TestRunner -->
