<?xml version="1.0" encoding="UTF-8"?>
<!-- Generated by org.testng.reporters.JUnitReportReporter -->
<testsuite hostname="LTIN654291" failures="0" tests="8" name="com.zigwheels.tests.SearchHondaBikes" time="33.968" errors="0" timestamp="2025-08-26T10:16:30 IST" skipped="0">
  <testcase classname="com.zigwheels.tests.SearchHondaBikes" name="verifyNavigationtoUpcomingHondaBikes" time="9.991"/>
  <testcase classname="com.zigwheels.tests.SearchHondaBikes" name="testSearchUpcomingHondaBikes" time="1.010"/>
  <testcase classname="com.zigwheels.tests.SearchHondaBikes" name="testBikeCardDetails" time="0.783"/>
  <testcase classname="com.zigwheels.tests.SearchHondaBikes" name="testPriceBelowThreshold" time="0.550"/>
  <testcase classname="com.zigwheels.tests.SearchHondaBikes" name="validateCars" time="8.626"/>
  <testcase classname="com.zigwheels.tests.SearchHondaBikes" name="checkBoxes" time="0.000"/>
  <testcase classname="com.zigwheels.tests.SearchHondaBikes" name="navigateToNewWindow" time="9.572"/>
  <testcase classname="com.zigwheels.tests.SearchHondaBikes" name="validateEmail" time="3.436"/>
</testsuite> <!-- com.zigwheels.tests.SearchHondaBikes -->
