<?xml version="1.0" encoding="UTF-8"?>
<!-- Generated by org.testng.reporters.JUnitReportReporter -->
<testsuite hostname="LTIN654291" failures="0" tests="10" name="com.zigwheels.tests.SearchHondaBikes" time="44.003" errors="0" timestamp="2025-08-29T14:11:41 IST" skipped="0">
  <testcase classname="com.zigwheels.tests.SearchHondaBikes" name="verifyNavigationtoUpcomingHondaBikes" time="10.611"/>
  <testcase classname="com.zigwheels.tests.SearchHondaBikes" name="testSearchUpcomingHondaBikes" time="6.661"/>
  <testcase classname="com.zigwheels.tests.SearchHondaBikes" name="testBikeCardDetails" time="0.473"/>
  <testcase classname="com.zigwheels.tests.SearchHondaBikes" name="testPriceBelowThreshold" time="0.804"/>
  <testcase classname="com.zigwheels.tests.SearchHondaBikes" name="verifyNavigationtoUsedCarsinChennai" time="7.974"/>
  <testcase classname="com.zigwheels.tests.SearchHondaBikes" name="validateCars" time="1.370"/>
  <testcase classname="com.zigwheels.tests.SearchHondaBikes" name="checkBoxes" time="0.005"/>
  <testcase classname="com.zigwheels.tests.SearchHondaBikes" name="testLoginOptions" time="11.704"/>
  <testcase classname="com.zigwheels.tests.SearchHondaBikes" name="navigateToGoogleLoginWindow" time="0.370"/>
  <testcase classname="com.zigwheels.tests.SearchHondaBikes" name="validateEmail" time="4.031"/>
</testsuite> <!-- com.zigwheels.tests.SearchHondaBikes -->
